(0000) 3000  0011000000000000 (   6)                 .ORIG x3000
(3000) 5020  0101000000100000 (  10) START           AND   R0 R0 #0
(3001) 5260  0101001001100000 (  11)                 AND   R1 R1 #0
(3002) 54A0  0101010010100000 (  12)                 AND   R2 R2 #0
(3003) 56E0  0101011011100000 (  13)                 AND   R3 R3 #0
(3004) 5920  0101100100100000 (  14)                 AND   R4 R4 #0
(3005) 5B60  0101101101100000 (  15)                 AND   R5 R5 #0
(3006) 5DA0  0101110110100000 (  16)                 AND   R6 R6 #0
(3007) 5FE0  0101111111100000 (  17)                 AND   R7 R7 #0
(3008) 2630  0010011000110000 (  19)                 LD    R3 CONVERT
(3009) E032  1110000000110010 (  21)                 LEA   R0 PROMPTED
(300A) F022  1111000000100010 (  22)                 TRAP  x22
(300B) F020  1111000000100000 (  28) MAINCHK         TRAP  x20
(300C) F021  1111000000100001 (  29)                 TRAP  x21
(300D) 1480  0001010010000000 (  30)                 ADD   R2 R2 R0
(300E) 2667  0010011001100111 (  31)                 LD    R3 CHKD
(300F) 1203  0001001000000011 (  32)                 ADD   R1 R0 R3
(3010) 0405  0000010000000101 (  33)                 BRZ   CHECK
(3011) 127F  0001001001111111 (  34)                 ADD   R1 R1 #-1
(3012) 0403  0000010000000011 (  35)                 BRZ   CHECK
(3013) E063  1110000001100011 (  36)                 LEA   R0 ERR1
(3014) F022  1111000000100010 (  37)                 TRAP  x22
(3015) 0FF5  0000111111110101 (  38)                 BRNZP MAINCHK
(3016) B4FE  1011010011111110 (  41) CHECK           STI   R2 STOREED
(3017) 5260  0101001001100000 (  47) CHKAGAIN        AND   R1 R1 #0
(3018) 54A0  0101010010100000 (  48)                 AND   R2 R2 #0
(3019) 56E0  0101011011100000 (  49)                 AND   R3 R3 #0
(301A) 5DA0  0101110110100000 (  50)                 AND   R6 R6 #0
(301B) 241D  0010010000011101 (  51)                 LD    R2 CONVERT
(301C) E036  1110000000110110 (  53)                 LEA   R0 PROMPTKEY
(301D) F022  1111000000100010 (  54)                 TRAP  x22
(301E) F020  1111000000100000 (  55)                 TRAP  x20
(301F) F021  1111000000100001 (  56)                 TRAP  x21
(3020) 1202  0001001000000010 (  57)                 ADD   R1 R0 R2
(3021) F020  1111000000100000 (  58)                 TRAP  x20
(3022) F021  1111000000100001 (  59)                 TRAP  x21
(3023) 1A02  0001101000000010 (  61)                 ADD   R5 R0 R2
(3024) 1036  0001000000110110 (  62)                 ADD   R0 R0 #-10
(3025) 0408  0000010000001000 (  63)                 BRZ   ENTER
(3026) 4934  0100100100110100 (  64)                 JSR   MULTIPLY
(3027) 1245  0001001001000101 (  65)                 ADD   R1 R1 R5
(3028) F020  1111000000100000 (  66)                 TRAP  x20
(3029) 1036  0001000000110110 (  67)                 ADD   R0 R0 #-10
(302A) 0403  0000010000000011 (  68)                 BRZ   ENTER
(302B) E07D  1110000001111101 (  69)                 LEA   R0 ERR2
(302C) F022  1111000000100010 (  70)                 TRAP  x22
(302D) 0FE9  0000111111101001 (  71)                 BRNZP CHKAGAIN
(302E) 1D81  0001110110000001 (  74) ENTER           ADD   R6 R6 R1
(302F) 5260  0101001001100000 (  75)                 AND   R1 R1 #0
(3030) 17A0  0001011110100000 (  76)                 ADD   R3 R6 #0
(3031) 2208  0010001000001000 (  77)                 LD    R1 CHKK1
(3032) 16C1  0001011011000001 (  78)                 ADD   R3 R3 R1
(3033) 0C03  0000110000000011 (  79)                 BRNZ  FINAL
(3034) E074  1110000001110100 (  80)                 LEA   R0 ERR2
(3035) F022  1111000000100010 (  81)                 TRAP  x22
(3036) 0FE0  0000111111100000 (  82)                 BRNZP CHKAGAIN
(3037) BCF3  1011110011110011 (  85) FINAL           STI   R6 STOREKEY
(3038) 0ED4  0000111011010100 (  89)                 BRNZP SKIP
(3039) FFD0  1111111111010000 (  90) CONVERT         .FILL xFFD0
(303A) FFE1  1111111111100001 (  92) CHKK1           .FILL xFFE1
(303B) FFED  1111111111101101 (  93) CHKSTR          .FILL xFFED
(303C) 000A  0000000000001010 (  97) PROMPTED        .FILL x000A
(303D) 0028  0000000000101000 (  97)                 .FILL x0028
(303E) 0045  0000000001000101 (  97)                 .FILL x0045
(303F) 0029  0000000000101001 (  97)                 .FILL x0029
(3040) 006E  0000000001101110 (  97)                 .FILL x006E
(3041) 0063  0000000001100011 (  97)                 .FILL x0063
(3042) 0072  0000000001110010 (  97)                 .FILL x0072
(3043) 0079  0000000001111001 (  97)                 .FILL x0079
(3044) 0070  0000000001110000 (  97)                 .FILL x0070
(3045) 0074  0000000001110100 (  97)                 .FILL x0074
(3046) 002F  0000000000101111 (  97)                 .FILL x002F
(3047) 0028  0000000000101000 (  97)                 .FILL x0028
(3048) 0044  0000000001000100 (  97)                 .FILL x0044
(3049) 0029  0000000000101001 (  97)                 .FILL x0029
(304A) 0065  0000000001100101 (  97)                 .FILL x0065
(304B) 0063  0000000001100011 (  97)                 .FILL x0063
(304C) 0072  0000000001110010 (  97)                 .FILL x0072
(304D) 0079  0000000001111001 (  97)                 .FILL x0079
(304E) 0070  0000000001110000 (  97)                 .FILL x0070
(304F) 0074  0000000001110100 (  97)                 .FILL x0074
(3050) 003A  0000000000111010 (  97)                 .FILL x003A
(3051) 0020  0000000000100000 (  97)                 .FILL x0020
(3052) 0000  0000000000000000 (  97)                 .FILL x0000
(3053) 000A  0000000000001010 (  98) PROMPTKEY       .FILL x000A
(3054) 0045  0000000001000101 (  98)                 .FILL x0045
(3055) 006E  0000000001101110 (  98)                 .FILL x006E
(3056) 0063  0000000001100011 (  98)                 .FILL x0063
(3057) 0072  0000000001110010 (  98)                 .FILL x0072
(3058) 0079  0000000001111001 (  98)                 .FILL x0079
(3059) 0070  0000000001110000 (  98)                 .FILL x0070
(305A) 0074  0000000001110100 (  98)                 .FILL x0074
(305B) 0069  0000000001101001 (  98)                 .FILL x0069
(305C) 006F  0000000001101111 (  98)                 .FILL x006F
(305D) 006E  0000000001101110 (  98)                 .FILL x006E
(305E) 0020  0000000000100000 (  98)                 .FILL x0020
(305F) 004B  0000000001001011 (  98)                 .FILL x004B
(3060) 0065  0000000001100101 (  98)                 .FILL x0065
(3061) 0079  0000000001111001 (  98)                 .FILL x0079
(3062) 003A  0000000000111010 (  98)                 .FILL x003A
(3063) 0020  0000000000100000 (  98)                 .FILL x0020
(3064) 0000  0000000000000000 (  98)                 .FILL x0000
(3065) 000A  0000000000001010 (  99) PROMPTMSG       .FILL x000A
(3066) 0049  0000000001001001 (  99)                 .FILL x0049
(3067) 006E  0000000001101110 (  99)                 .FILL x006E
(3068) 0070  0000000001110000 (  99)                 .FILL x0070
(3069) 0075  0000000001110101 (  99)                 .FILL x0075
(306A) 0074  0000000001110100 (  99)                 .FILL x0074
(306B) 0020  0000000000100000 (  99)                 .FILL x0020
(306C) 004D  0000000001001101 (  99)                 .FILL x004D
(306D) 0065  0000000001100101 (  99)                 .FILL x0065
(306E) 0073  0000000001110011 (  99)                 .FILL x0073
(306F) 0073  0000000001110011 (  99)                 .FILL x0073
(3070) 0061  0000000001100001 (  99)                 .FILL x0061
(3071) 0067  0000000001100111 (  99)                 .FILL x0067
(3072) 0065  0000000001100101 (  99)                 .FILL x0065
(3073) 003A  0000000000111010 (  99)                 .FILL x003A
(3074) 0020  0000000000100000 (  99)                 .FILL x0020
(3075) 0000  0000000000000000 (  99)                 .FILL x0000
(3076) FFBC  1111111110111100 ( 100) CHKD            .FILL xFFBC
(3077) 000A  0000000000001010 ( 101) ERR1            .FILL x000A
(3078) 0054  0000000001010100 ( 101)                 .FILL x0054
(3079) 0048  0000000001001000 ( 101)                 .FILL x0048
(307A) 0041  0000000001000001 ( 101)                 .FILL x0041
(307B) 0054  0000000001010100 ( 101)                 .FILL x0054
(307C) 0020  0000000000100000 ( 101)                 .FILL x0020
(307D) 0049  0000000001001001 ( 101)                 .FILL x0049
(307E) 0053  0000000001010011 ( 101)                 .FILL x0053
(307F) 0020  0000000000100000 ( 101)                 .FILL x0020
(3080) 0041  0000000001000001 ( 101)                 .FILL x0041
(3081) 004E  0000000001001110 ( 101)                 .FILL x004E
(3082) 0020  0000000000100000 ( 101)                 .FILL x0020
(3083) 0049  0000000001001001 ( 101)                 .FILL x0049
(3084) 004C  0000000001001100 ( 101)                 .FILL x004C
(3085) 004C  0000000001001100 ( 101)                 .FILL x004C
(3086) 0045  0000000001000101 ( 101)                 .FILL x0045
(3087) 0047  0000000001000111 ( 101)                 .FILL x0047
(3088) 0041  0000000001000001 ( 101)                 .FILL x0041
(3089) 004C  0000000001001100 ( 101)                 .FILL x004C
(308A) 0020  0000000000100000 ( 101)                 .FILL x0020
(308B) 0043  0000000001000011 ( 101)                 .FILL x0043
(308C) 0048  0000000001001000 ( 101)                 .FILL x0048
(308D) 0041  0000000001000001 ( 101)                 .FILL x0041
(308E) 0052  0000000001010010 ( 101)                 .FILL x0052
(308F) 0041  0000000001000001 ( 101)                 .FILL x0041
(3090) 0043  0000000001000011 ( 101)                 .FILL x0043
(3091) 0054  0000000001010100 ( 101)                 .FILL x0054
(3092) 0045  0000000001000101 ( 101)                 .FILL x0045
(3093) 0052  0000000001010010 ( 101)                 .FILL x0052
(3094) 002E  0000000000101110 ( 101)                 .FILL x002E
(3095) 0020  0000000000100000 ( 101)                 .FILL x0020
(3096) 0050  0000000001010000 ( 101)                 .FILL x0050
(3097) 004C  0000000001001100 ( 101)                 .FILL x004C
(3098) 0045  0000000001000101 ( 101)                 .FILL x0045
(3099) 0041  0000000001000001 ( 101)                 .FILL x0041
(309A) 0053  0000000001010011 ( 101)                 .FILL x0053
(309B) 0045  0000000001000101 ( 101)                 .FILL x0045
(309C) 0020  0000000000100000 ( 101)                 .FILL x0020
(309D) 0054  0000000001010100 ( 101)                 .FILL x0054
(309E) 0052  0000000001010010 ( 101)                 .FILL x0052
(309F) 0059  0000000001011001 ( 101)                 .FILL x0059
(30A0) 0020  0000000000100000 ( 101)                 .FILL x0020
(30A1) 0041  0000000001000001 ( 101)                 .FILL x0041
(30A2) 0047  0000000001000111 ( 101)                 .FILL x0047
(30A3) 0041  0000000001000001 ( 101)                 .FILL x0041
(30A4) 0049  0000000001001001 ( 101)                 .FILL x0049
(30A5) 004E  0000000001001110 ( 101)                 .FILL x004E
(30A6) 002E  0000000000101110 ( 101)                 .FILL x002E
(30A7) 0020  0000000000100000 ( 101)                 .FILL x0020
(30A8) 0000  0000000000000000 ( 101)                 .FILL x0000
(30A9) 000A  0000000000001010 ( 102) ERR2            .FILL x000A
(30AA) 004F  0000000001001111 ( 102)                 .FILL x004F
(30AB) 0055  0000000001010101 ( 102)                 .FILL x0055
(30AC) 0054  0000000001010100 ( 102)                 .FILL x0054
(30AD) 0020  0000000000100000 ( 102)                 .FILL x0020
(30AE) 004F  0000000001001111 ( 102)                 .FILL x004F
(30AF) 0046  0000000001000110 ( 102)                 .FILL x0046
(30B0) 0020  0000000000100000 ( 102)                 .FILL x0020
(30B1) 0052  0000000001010010 ( 102)                 .FILL x0052
(30B2) 0041  0000000001000001 ( 102)                 .FILL x0041
(30B3) 004E  0000000001001110 ( 102)                 .FILL x004E
(30B4) 0047  0000000001000111 ( 102)                 .FILL x0047
(30B5) 0045  0000000001000101 ( 102)                 .FILL x0045
(30B6) 0020  0000000000100000 ( 102)                 .FILL x0020
(30B7) 0045  0000000001000101 ( 102)                 .FILL x0045
(30B8) 004E  0000000001001110 ( 102)                 .FILL x004E
(30B9) 0043  0000000001000011 ( 102)                 .FILL x0043
(30BA) 0052  0000000001010010 ( 102)                 .FILL x0052
(30BB) 0059  0000000001011001 ( 102)                 .FILL x0059
(30BC) 0050  0000000001010000 ( 102)                 .FILL x0050
(30BD) 0054  0000000001010100 ( 102)                 .FILL x0054
(30BE) 0049  0000000001001001 ( 102)                 .FILL x0049
(30BF) 004F  0000000001001111 ( 102)                 .FILL x004F
(30C0) 004E  0000000001001110 ( 102)                 .FILL x004E
(30C1) 0020  0000000000100000 ( 102)                 .FILL x0020
(30C2) 004B  0000000001001011 ( 102)                 .FILL x004B
(30C3) 0045  0000000001000101 ( 102)                 .FILL x0045
(30C4) 0059  0000000001011001 ( 102)                 .FILL x0059
(30C5) 002E  0000000000101110 ( 102)                 .FILL x002E
(30C6) 0020  0000000000100000 ( 102)                 .FILL x0020
(30C7) 0050  0000000001010000 ( 102)                 .FILL x0050
(30C8) 004C  0000000001001100 ( 102)                 .FILL x004C
(30C9) 0045  0000000001000101 ( 102)                 .FILL x0045
(30CA) 0041  0000000001000001 ( 102)                 .FILL x0041
(30CB) 0053  0000000001010011 ( 102)                 .FILL x0053
(30CC) 0045  0000000001000101 ( 102)                 .FILL x0045
(30CD) 0020  0000000000100000 ( 102)                 .FILL x0020
(30CE) 0054  0000000001010100 ( 102)                 .FILL x0054
(30CF) 0052  0000000001010010 ( 102)                 .FILL x0052
(30D0) 0059  0000000001011001 ( 102)                 .FILL x0059
(30D1) 0020  0000000000100000 ( 102)                 .FILL x0020
(30D2) 0041  0000000001000001 ( 102)                 .FILL x0041
(30D3) 0047  0000000001000111 ( 102)                 .FILL x0047
(30D4) 0041  0000000001000001 ( 102)                 .FILL x0041
(30D5) 0049  0000000001001001 ( 102)                 .FILL x0049
(30D6) 004E  0000000001001110 ( 102)                 .FILL x004E
(30D7) 002E  0000000000101110 ( 102)                 .FILL x002E
(30D8) 0020  0000000000100000 ( 102)                 .FILL x0020
(30D9) 0000  0000000000000000 ( 102)                 .FILL x0000
(30DA) 000A  0000000000001010 ( 105) ERR3            .FILL x000A
(30DB) 004D  0000000001001101 ( 105)                 .FILL x004D
(30DC) 0045  0000000001000101 ( 105)                 .FILL x0045
(30DD) 0053  0000000001010011 ( 105)                 .FILL x0053
(30DE) 0053  0000000001010011 ( 105)                 .FILL x0053
(30DF) 0041  0000000001000001 ( 105)                 .FILL x0041
(30E0) 0047  0000000001000111 ( 105)                 .FILL x0047
(30E1) 0045  0000000001000101 ( 105)                 .FILL x0045
(30E2) 0020  0000000000100000 ( 105)                 .FILL x0020
(30E3) 0045  0000000001000101 ( 105)                 .FILL x0045
(30E4) 0058  0000000001011000 ( 105)                 .FILL x0058
(30E5) 0043  0000000001000011 ( 105)                 .FILL x0043
(30E6) 0045  0000000001000101 ( 105)                 .FILL x0045
(30E7) 0044  0000000001000100 ( 105)                 .FILL x0044
(30E8) 0045  0000000001000101 ( 105)                 .FILL x0045
(30E9) 0053  0000000001010011 ( 105)                 .FILL x0053
(30EA) 0020  0000000000100000 ( 105)                 .FILL x0020
(30EB) 0032  0000000000110010 ( 105)                 .FILL x0032
(30EC) 0030  0000000000110000 ( 105)                 .FILL x0030
(30ED) 0020  0000000000100000 ( 105)                 .FILL x0020
(30EE) 0043  0000000001000011 ( 105)                 .FILL x0043
(30EF) 0048  0000000001001000 ( 105)                 .FILL x0048
(30F0) 0041  0000000001000001 ( 105)                 .FILL x0041
(30F1) 0052  0000000001010010 ( 105)                 .FILL x0052
(30F2) 0041  0000000001000001 ( 105)                 .FILL x0041
(30F3) 0043  0000000001000011 ( 105)                 .FILL x0043
(30F4) 0054  0000000001010100 ( 105)                 .FILL x0054
(30F5) 0045  0000000001000101 ( 105)                 .FILL x0045
(30F6) 0052  0000000001010010 ( 105)                 .FILL x0052
(30F7) 0053  0000000001010011 ( 105)                 .FILL x0053
(30F8) 002E  0000000000101110 ( 105)                 .FILL x002E
(30F9) 0020  0000000000100000 ( 105)                 .FILL x0020
(30FA) 0050  0000000001010000 ( 105)                 .FILL x0050
(30FB) 004C  0000000001001100 ( 105)                 .FILL x004C
(30FC) 0045  0000000001000101 ( 105)                 .FILL x0045
(30FD) 0041  0000000001000001 ( 105)                 .FILL x0041
(30FE) 0053  0000000001010011 ( 105)                 .FILL x0053
(30FF) 0045  0000000001000101 ( 105)                 .FILL x0045
(3100) 0020  0000000000100000 ( 105)                 .FILL x0020
(3101) 0054  0000000001010100 ( 105)                 .FILL x0054
(3102) 0052  0000000001010010 ( 105)                 .FILL x0052
(3103) 0059  0000000001011001 ( 105)                 .FILL x0059
(3104) 0020  0000000000100000 ( 105)                 .FILL x0020
(3105) 0041  0000000001000001 ( 105)                 .FILL x0041
(3106) 0047  0000000001000111 ( 105)                 .FILL x0047
(3107) 0041  0000000001000001 ( 105)                 .FILL x0041
(3108) 0049  0000000001001001 ( 105)                 .FILL x0049
(3109) 004E  0000000001001110 ( 105)                 .FILL x004E
(310A) 002E  0000000000101110 ( 105)                 .FILL x002E
(310B) 0020  0000000000100000 ( 105)                 .FILL x0020
(310C) 0000  0000000000000000 ( 105)                 .FILL x0000
(310D) 5020  0101000000100000 ( 112) SKIP            AND   R0 R0 #0
(310E) 5260  0101001001100000 ( 113)                 AND   R1 R1 #0
(310F) 54A0  0101010010100000 ( 114)                 AND   R2 R2 #0
(3110) 56E0  0101011011100000 ( 115)                 AND   R3 R3 #0
(3111) 5920  0101100100100000 ( 116)                 AND   R4 R4 #0
(3112) 5B60  0101101101100000 ( 117)                 AND   R5 R5 #0
(3113) 5DA0  0101110110100000 ( 118)                 AND   R6 R6 #0
(3114) 0E01  0000111000000001 ( 122)                 BRNZP SKIP2
(3115) 3200  0011001000000000 ( 123) STOREED         .FILL x3200
(3116) 2215  0010001000010101 ( 127) SKIP2           LD    R1 STORESTR
(3117) 2B23  0010101100100011 ( 128)                 LD    R5 CHKSTR
(3118) E14C  1110000101001100 ( 129)                 LEA   R0 PROMPTMSG
(3119) F022  1111000000100010 ( 130)                 TRAP  x22
(311A) 54A0  0101010010100000 ( 133) STRING          AND   R2 R2 #0
(311B) 5920  0101100100100000 ( 134)                 AND   R4 R4 #0
(311C) F020  1111000000100000 ( 135)                 TRAP  x20
(311D) F021  1111000000100001 ( 136)                 TRAP  x21
(311E) 1480  0001010010000000 ( 137)                 ADD   R2 R2 R0
(311F) 1985  0001100110000101 ( 138)                 ADD   R4 R6 R5
(3120) 0606  0000011000000110 ( 139)                 BRZP  STRERR
(3121) 7440  0111010001000000 ( 140)                 STR   R2 R1 #0
(3122) 1036  0001000000110110 ( 141)                 ADD   R0 R0 #-10
(3123) 0406  0000010000000110 ( 142)                 BRZ   STREND
(3124) 1261  0001001001100001 ( 143)                 ADD   R1 R1 #1
(3125) 1DA1  0001110110100001 ( 144)                 ADD   R6 R6 #1
(3126) 0FF3  0000111111110011 ( 145)                 BRNZP STRING
(3127) 27B2  0010011110110010 ( 148) STRERR          LD    R3 ERR3
(3128) F022  1111000000100010 ( 149)                 TRAP  x22
(3129) 0FF0  0000111111110000 ( 150)                 BRNZP STRING
(312A) 0E0C  0000111000001100 ( 156) STREND          BRNZP SKIP3
(312B) 3201  0011001000000001 ( 157) STOREKEY        .FILL x3201
(312C) 3202  0011001000000010 ( 158) STORESTR        .FILL x3202
(312D) 000A  0000000000001010 ( 159) RES             .FILL x000A
(312E) 0052  0000000001010010 ( 159)                 .FILL x0052
(312F) 0065  0000000001100101 ( 159)                 .FILL x0065
(3130) 0073  0000000001110011 ( 159)                 .FILL x0073
(3131) 0075  0000000001110101 ( 159)                 .FILL x0075
(3132) 006C  0000000001101100 ( 159)                 .FILL x006C
(3133) 0074  0000000001110100 ( 159)                 .FILL x0074
(3134) 003A  0000000000111010 ( 159)                 .FILL x003A
(3135) 0020  0000000000100000 ( 159)                 .FILL x0020
(3136) 0000  0000000000000000 ( 159)                 .FILL x0000
(3137) 5020  0101000000100000 ( 166) SKIP3           AND   R0 R0 #0
(3138) 5260  0101001001100000 ( 167)                 AND   R1 R1 #0
(3139) 54A0  0101010010100000 ( 168)                 AND   R2 R2 #0
(313A) 56E0  0101011011100000 ( 169)                 AND   R3 R3 #0
(313B) 5920  0101100100100000 ( 170)                 AND   R4 R4 #0
(313C) 5B60  0101101101100000 ( 171)                 AND   R5 R5 #0
(313D) A3D7  1010001111010111 ( 173)                 LDI   R1 STOREED
(313E) 2537  0010010100110111 ( 174)                 LD    R2 CHKD
(313F) 1242  0001001001000010 ( 175)                 ADD   R1 R1 R2
(3140) 0408  0000010000001000 ( 176)                 BRZ   GOTO_D
(3141) 2BEA  0010101111101010 ( 177)                 LD    R5 STORESTR
(3142) 6340  0110001101000000 ( 180) E_LOOP          LDR   R1 R5 #0
(3143) 1876  0001100001110110 ( 181)                 ADD   R4 R1 #-10
(3144) 040C  0000010000001100 ( 182)                 BRZ   RESULT
(3145) 481D  0100100000011101 ( 183)                 JSR   ENCRYPT
(3146) 7340  0111001101000000 ( 184)                 STR   R1 R5 #0
(3147) 1B61  0001101101100001 ( 185)                 ADD   R5 R5 #1
(3148) 0FF9  0000111111111001 ( 186)                 BRNZP E_LOOP
(3149) 2BE2  0010101111100010 ( 189) GOTO_D          LD    R5 STORESTR
(314A) 6340  0110001101000000 ( 192) D_LOOP          LDR   R1 R5 #0
(314B) 1876  0001100001110110 ( 193)                 ADD   R4 R1 #-10
(314C) 0404  0000010000000100 ( 194)                 BRZ   RESULT
(314D) 4824  0100100000100100 ( 195)                 JSR   DECRYPT
(314E) 7340  0111001101000000 ( 196)                 STR   R1 R5 #0
(314F) 1B61  0001101101100001 ( 197)                 ADD   R5 R5 #1
(3150) 0FF9  0000111111111001 ( 198)                 BRNZP D_LOOP
(3151) E1DB  1110000111011011 ( 201) RESULT          LEA   R0 RES
(3152) F022  1111000000100010 ( 202)                 TRAP  x22
(3153) 2BD8  0010101111011000 ( 203)                 LD    R5 STORESTR
(3154) 6140  0110000101000000 ( 206) PRINT           LDR   R0 R5 #0
(3155) F021  1111000000100001 ( 207)                 TRAP  x21
(3156) 1036  0001000000110110 ( 208)                 ADD   R0 R0 #-10
(3157) 0402  0000010000000010 ( 209)                 BRZ   ENDPRINT
(3158) 1B61  0001101101100001 ( 210)                 ADD   R5 R5 #1
(3159) 0FFA  0000111111111010 ( 211)                 BRNZP PRINT
(315A) F025  1111000000100101 ( 218) ENDPRINT        TRAP  x25
(315B) 5020  0101000000100000 ( 224) MULTIPLY        AND   R0 R0 #0
(315C) 56E0  0101011011100000 ( 225)                 AND   R3 R3 #0
(315D) 1929  0001100100101001 ( 226)                 ADD   R4 R4 #9
(315E) 16C1  0001011011000001 ( 227)                 ADD   R3 R3 R1
(315F) 12C1  0001001011000001 ( 229) WHILE           ADD   R1 R3 R1
(3160) 193F  0001100100111111 ( 230)                 ADD   R4 R4 #-1
(3161) 03FD  0000001111111101 ( 231)                 BRP   WHILE
(3162) C1C0  1100000111000000 ( 232)                 RET   
(3163) 3031  0011000000110001 ( 238) ENCRYPT         ST    R0 R0TMP
(3164) 11E0  0001000111100000 ( 239)                 ADD   R0 R7 #0
(3165) 481F  0100100000011111 ( 240)                 JSR   PUSH
(3166) A1C4  1010000111000100 ( 242)                 LDI   R0 STOREKEY
(3167) 5461  0101010001100001 ( 243)                 AND   R2 R1 #1
(3168) 0403  0000010000000011 ( 244)                 BRZ   IS_ONE
(3169) 127F  0001001001111111 ( 245)                 ADD   R1 R1 #-1
(316A) 1240  0001001001000000 ( 246)                 ADD   R1 R1 R0
(316B) 0E02  0000111000000010 ( 247)                 BRNZP E_DONE
(316C) 1261  0001001001100001 ( 250) IS_ONE          ADD   R1 R1 #1
(316D) 1240  0001001001000000 ( 251)                 ADD   R1 R1 R0
(316E) 481D  0100100000011101 ( 254) E_DONE          JSR   POP
(316F) 1E20  0001111000100000 ( 255)                 ADD   R7 R0 #0
(3170) 2024  0010000000100100 ( 256)                 LD    R0 R0TMP
(3171) C1C0  1100000111000000 ( 257)                 RET   
(3172) 3022  0011000000100010 ( 263) DECRYPT         ST    R0 R0TMP
(3173) 11E0  0001000111100000 ( 264)                 ADD   R0 R7 #0
(3174) 4810  0100100000010000 ( 265)                 JSR   PUSH
(3175) A1B5  1010000110110101 ( 267)                 LDI   R0 STOREKEY
(3176) 480B  0100100000001011 ( 268)                 JSR   TWOCOMP
(3177) 1240  0001001001000000 ( 270)                 ADD   R1 R1 R0
(3178) 5461  0101010001100001 ( 271)                 AND   R2 R1 #1
(3179) 0403  0000010000000011 ( 272)                 BRZ   IS_BLAH
(317A) 2419  0010010000011001 ( 274)                 LD    R2 MASK
(317B) 5242  0101001001000010 ( 275)                 AND   R1 R1 R2
(317C) 0E01  0000111000000001 ( 276)                 BRNZP D_DONE
(317D) 1261  0001001001100001 ( 279) IS_BLAH         ADD   R1 R1 #1
(317E) 480D  0100100000001101 ( 283) D_DONE          JSR   POP
(317F) 1E20  0001111000100000 ( 284)                 ADD   R7 R0 #0
(3180) 2014  0010000000010100 ( 285)                 LD    R0 R0TMP
(3181) C1C0  1100000111000000 ( 286)                 RET   
(3182) 903F  1001000000111111 ( 292) TWOCOMP         NOT   R0 R0
(3183) 1021  0001000000100001 ( 293)                 ADD   R0 R0 #1
(3184) C1C0  1100000111000000 ( 294)                 RET   
(3185) 3C11  0011110000010001 ( 300) PUSH            ST    R6 R6TMP
(3186) 2C12  0010110000010010 ( 301)                 LD    R6 STACK
(3187) 7180  0111000110000000 ( 302)                 STR   R0 R6 #0
(3188) 1DA1  0001110110100001 ( 303)                 ADD   R6 R6 #1
(3189) 3C0F  0011110000001111 ( 304)                 ST    R6 STACK
(318A) 2C0C  0010110000001100 ( 305)                 LD    R6 R6TMP
(318B) C1C0  1100000111000000 ( 306)                 RET   
(318C) 3C0A  0011110000001010 ( 309) POP             ST    R6 R6TMP
(318D) 2C0B  0010110000001011 ( 310)                 LD    R6 STACK
(318E) 1DBF  0001110110111111 ( 311)                 ADD   R6 R6 #-1
(318F) 3C09  0011110000001001 ( 312)                 ST    R6 STACK
(3190) 6180  0110000110000000 ( 313)                 LDR   R0 R6 #0
(3191) 2C05  0010110000000101 ( 314)                 LD    R6 R6TMP
(3192) C1C0  1100000111000000 ( 315)                 RET   
(3193) 0004  0000000000000100 ( 319) KEY             .FILL x0004
(3194) FFFE  1111111111111110 ( 320) MASK            .FILL xFFFE
(3195) 0000  0000000000000000 ( 321) R0TMP           .FILL x0000
(3196) 0000  0000000000000000 ( 322) R3TMP           .FILL x0000
(3197) 0000  0000000000000000 ( 323) R6TMP           .FILL x0000
(3198) 0000  0000000000000000 ( 324) R7TMP           .FILL x0000
(3199) 3100  0011000100000000 ( 325) STACK           .FILL x3100
