(0000) 3000  0011000000000000 (  12)                 .ORIG x3000
(3000) 5020  0101000000100000 (  17) START           AND   R0 R0 #0
(3001) 5220  0101001000100000 (  18)                 AND   R1 R0 #0
(3002) 5420  0101010000100000 (  19)                 AND   R2 R0 #0
(3003) 5620  0101011000100000 (  20)                 AND   R3 R0 #0
(3004) 5820  0101100000100000 (  21)                 AND   R4 R0 #0
(3005) 5A20  0101101000100000 (  22)                 AND   R5 R0 #0
(3006) 5C20  0101110000100000 (  23)                 AND   R6 R0 #0
(3007) 2AD2  0010101011010010 (  28)                 LD    R5 POS48
(3008) 2CD2  0010110011010010 (  29)                 LD    R6 CONVERT
(3009) E051  1110000001010001 (  32)                 LEA   R0 PROMPT
(300A) F022  1111000000100010 (  33)                 TRAP  x22
(300B) F020  1111000000100000 (  37)                 TRAP  x20
(300C) F021  1111000000100001 (  38)                 TRAP  x21
(300D) 1006  0001000000000110 (  41)                 ADD   R0 R0 R6
(300E) 30CD  0011000011001101 (  42)                 ST    R0 INPUT1
(300F) E04B  1110000001001011 (  45)                 LEA   R0 PROMPT
(3010) F022  1111000000100010 (  46)                 TRAP  x22
(3011) F020  1111000000100000 (  49)                 TRAP  x20
(3012) F021  1111000000100001 (  50)                 TRAP  x21
(3013) 1006  0001000000000110 (  53)                 ADD   R0 R0 R6
(3014) 30C8  0011000011001000 (  54)                 ST    R0 INPUT2
(3015) 20C6  0010000011000110 (  59)                 LD    R0 INPUT1
(3016) 22C6  0010001011000110 (  60)                 LD    R1 INPUT2
(3017) 24CA  0010010011001010 (  61)                 LD    R2 CLEAR
(3018) 26C9  0010011011001001 (  62)                 LD    R3 CLEAR
(3019) 927F  1001001001111111 (  64)                 NOT   R1 R1
(301A) 1261  0001001001100001 (  65)                 ADD   R1 R1 #1
(301B) 1001  0001000000000001 (  67)                 ADD   R0 R0 R1
(301C) 24C1  0010010011000001 (  68)                 LD    R2 SUBDR
(301D) 7080  0111000010000000 (  69)                 STR   R0 R2 #0
(301E) E05F  1110000001011111 (  71)                 LEA   R0 SUBRES
(301F) F022  1111000000100010 (  72)                 TRAP  x22
(3020) A0BD  1010000010111101 (  73)                 LDI   R0 SUBDR
(3021) 1005  0001000000000101 (  74)                 ADD   R0 R0 R5
(3022) F021  1111000000100001 (  75)                 TRAP  x21
(3023) 20B8  0010000010111000 (  79) MUL             LD    R0 INPUT1
(3024) 22B8  0010001010111000 (  80)                 LD    R1 INPUT2
(3025) 24BC  0010010010111100 (  81)                 LD    R2 CLEAR
(3026) 26BB  0010011010111011 (  82)                 LD    R3 CLEAR
(3027) 1480  0001010010000000 (  88) LOOP            ADD   R2 R2 R0
(3028) 127F  0001001001111111 (  89)                 ADD   R1 R1 #-1
(3029) 03FD  0000001111111101 (  90)                 BRP   LOOP
(302A) 26B4  0010011010110100 (  91)                 LD    R3 MULTDR
(302B) 74C0  0111010011000000 (  92)                 STR   R2 R3 #0
(302C) E068  1110000001101000 (  94)                 LEA   R0 MULTRES
(302D) F022  1111000000100010 (  95)                 TRAP  x22
(302E) A0B0  1010000010110000 (  96)                 LDI   R0 MULTDR
(302F) 1636  0001011000110110 (  98)                 ADD   R3 R0 #-10
(3030) 0603  0000011000000011 (  99)                 BRZP  PRINT2
(3031) 1005  0001000000000101 ( 100)                 ADD   R0 R0 R5
(3032) F021  1111000000100001 ( 101)                 TRAP  x21
(3033) 0E0C  0000111000001100 ( 102)                 BRNZP DIV
(3034) 24AD  0010010010101101 ( 108) PRINT2          LD    R2 CLEAR
(3035) 1036  0001000000110110 ( 109) PLOOP           ADD   R0 R0 #-10
(3036) 14A1  0001010010100001 ( 110)                 ADD   R2 R2 #1
(3037) 1636  0001011000110110 ( 111)                 ADD   R3 R0 #-10
(3038) 07FC  0000011111111100 ( 112)                 BRZP  PLOOP
(3039) 1220  0001001000100000 ( 114)                 ADD   R1 R0 #0
(303A) 10A0  0001000010100000 ( 116)                 ADD   R0 R2 #0
(303B) 1005  0001000000000101 ( 117)                 ADD   R0 R0 R5
(303C) F021  1111000000100001 ( 118)                 TRAP  x21
(303D) 1060  0001000001100000 ( 120)                 ADD   R0 R1 #0
(303E) 1005  0001000000000101 ( 121)                 ADD   R0 R0 R5
(303F) F021  1111000000100001 ( 122)                 TRAP  x21
(3040) 209B  0010000010011011 ( 126) DIV             LD    R0 INPUT1
(3041) 229B  0010001010011011 ( 127)                 LD    R1 INPUT2
(3042) 249F  0010010010011111 ( 128)                 LD    R2 CLEAR
(3043) 269E  0010011010011110 ( 129)                 LD    R3 CLEAR
(3044) 289D  0010100010011101 ( 130)                 LD    R4 CLEAR
(3045) 927F  1001001001111111 ( 131)                 NOT   R1 R1
(3046) 1261  0001001001100001 ( 132)                 ADD   R1 R1 #1
(3047) 14A1  0001010010100001 ( 138) LOOP2           ADD   R2 R2 #1
(3048) 1001  0001000000000001 ( 139)                 ADD   R0 R0 R1
(3049) 1801  0001100000000001 ( 140)                 ADD   R4 R0 R1
(304A) 07FC  0000011111111100 ( 141)                 BRZP  LOOP2
(304B) 2694  0010011010010100 ( 143)                 LD    R3 DIVDR
(304C) 2894  0010100010010100 ( 144)                 LD    R4 REMNDR
(304D) 74C0  0111010011000000 ( 145)                 STR   R2 R3 #0
(304E) 7100  0111000100000000 ( 146)                 STR   R0 R4 #0
(304F) E05F  1110000001011111 ( 148)                 LEA   R0 DIVRES
(3050) F022  1111000000100010 ( 149)                 TRAP  x22
(3051) A08E  1010000010001110 ( 150)                 LDI   R0 DIVDR
(3052) 1005  0001000000000101 ( 151)                 ADD   R0 R0 R5
(3053) F021  1111000000100001 ( 152)                 TRAP  x21
(3054) E06E  1110000001101110 ( 154)                 LEA   R0 REMRES
(3055) F022  1111000000100010 ( 155)                 TRAP  x22
(3056) A08A  1010000010001010 ( 156)                 LDI   R0 REMNDR
(3057) 1005  0001000000000101 ( 157)                 ADD   R0 R0 R5
(3058) F021  1111000000100001 ( 158)                 TRAP  x21
(3059) 0FA6  0000111110100110 ( 162)                 BRNZP START
(305A) F025  1111000000100101 ( 165)                 TRAP  x25
(305B) 000A  0000000000001010 ( 169) PROMPT          .FILL x000A
(305C) 0050  0000000001010000 ( 169)                 .FILL x0050
(305D) 006C  0000000001101100 ( 169)                 .FILL x006C
(305E) 0065  0000000001100101 ( 169)                 .FILL x0065
(305F) 0061  0000000001100001 ( 169)                 .FILL x0061
(3060) 0073  0000000001110011 ( 169)                 .FILL x0073
(3061) 0065  0000000001100101 ( 169)                 .FILL x0065
(3062) 0020  0000000000100000 ( 169)                 .FILL x0020
(3063) 0065  0000000001100101 ( 169)                 .FILL x0065
(3064) 006E  0000000001101110 ( 169)                 .FILL x006E
(3065) 0074  0000000001110100 ( 169)                 .FILL x0074
(3066) 0065  0000000001100101 ( 169)                 .FILL x0065
(3067) 0072  0000000001110010 ( 169)                 .FILL x0072
(3068) 0020  0000000000100000 ( 169)                 .FILL x0020
(3069) 0061  0000000001100001 ( 169)                 .FILL x0061
(306A) 0020  0000000000100000 ( 169)                 .FILL x0020
(306B) 006F  0000000001101111 ( 169)                 .FILL x006F
(306C) 006E  0000000001101110 ( 169)                 .FILL x006E
(306D) 0065  0000000001100101 ( 169)                 .FILL x0065
(306E) 0020  0000000000100000 ( 169)                 .FILL x0020
(306F) 0064  0000000001100100 ( 169)                 .FILL x0064
(3070) 0069  0000000001101001 ( 169)                 .FILL x0069
(3071) 0067  0000000001100111 ( 169)                 .FILL x0067
(3072) 0069  0000000001101001 ( 169)                 .FILL x0069
(3073) 0074  0000000001110100 ( 169)                 .FILL x0074
(3074) 0020  0000000000100000 ( 169)                 .FILL x0020
(3075) 006E  0000000001101110 ( 169)                 .FILL x006E
(3076) 0075  0000000001110101 ( 169)                 .FILL x0075
(3077) 006D  0000000001101101 ( 169)                 .FILL x006D
(3078) 0062  0000000001100010 ( 169)                 .FILL x0062
(3079) 0065  0000000001100101 ( 169)                 .FILL x0065
(307A) 0072  0000000001110010 ( 169)                 .FILL x0072
(307B) 003A  0000000000111010 ( 169)                 .FILL x003A
(307C) 0020  0000000000100000 ( 169)                 .FILL x0020
(307D) 0000  0000000000000000 ( 169)                 .FILL x0000
(307E) 000A  0000000000001010 ( 170) SUBRES          .FILL x000A
(307F) 0020  0000000000100000 ( 170)                 .FILL x0020
(3080) 0053  0000000001010011 ( 170)                 .FILL x0053
(3081) 0075  0000000001110101 ( 170)                 .FILL x0075
(3082) 0062  0000000001100010 ( 170)                 .FILL x0062
(3083) 0074  0000000001110100 ( 170)                 .FILL x0074
(3084) 0072  0000000001110010 ( 170)                 .FILL x0072
(3085) 0061  0000000001100001 ( 170)                 .FILL x0061
(3086) 0063  0000000001100011 ( 170)                 .FILL x0063
(3087) 0074  0000000001110100 ( 170)                 .FILL x0074
(3088) 0069  0000000001101001 ( 170)                 .FILL x0069
(3089) 006F  0000000001101111 ( 170)                 .FILL x006F
(308A) 006E  0000000001101110 ( 170)                 .FILL x006E
(308B) 0020  0000000000100000 ( 170)                 .FILL x0020
(308C) 0052  0000000001010010 ( 170)                 .FILL x0052
(308D) 0065  0000000001100101 ( 170)                 .FILL x0065
(308E) 0073  0000000001110011 ( 170)                 .FILL x0073
(308F) 0075  0000000001110101 ( 170)                 .FILL x0075
(3090) 006C  0000000001101100 ( 170)                 .FILL x006C
(3091) 0074  0000000001110100 ( 170)                 .FILL x0074
(3092) 003A  0000000000111010 ( 170)                 .FILL x003A
(3093) 0020  0000000000100000 ( 170)                 .FILL x0020
(3094) 0000  0000000000000000 ( 170)                 .FILL x0000
(3095) 000A  0000000000001010 ( 171) MULTRES         .FILL x000A
(3096) 0020  0000000000100000 ( 171)                 .FILL x0020
(3097) 004D  0000000001001101 ( 171)                 .FILL x004D
(3098) 0075  0000000001110101 ( 171)                 .FILL x0075
(3099) 006C  0000000001101100 ( 171)                 .FILL x006C
(309A) 0074  0000000001110100 ( 171)                 .FILL x0074
(309B) 0069  0000000001101001 ( 171)                 .FILL x0069
(309C) 0070  0000000001110000 ( 171)                 .FILL x0070
(309D) 006C  0000000001101100 ( 171)                 .FILL x006C
(309E) 0069  0000000001101001 ( 171)                 .FILL x0069
(309F) 0063  0000000001100011 ( 171)                 .FILL x0063
(30A0) 0061  0000000001100001 ( 171)                 .FILL x0061
(30A1) 0074  0000000001110100 ( 171)                 .FILL x0074
(30A2) 0069  0000000001101001 ( 171)                 .FILL x0069
(30A3) 006F  0000000001101111 ( 171)                 .FILL x006F
(30A4) 006E  0000000001101110 ( 171)                 .FILL x006E
(30A5) 0020  0000000000100000 ( 171)                 .FILL x0020
(30A6) 0052  0000000001010010 ( 171)                 .FILL x0052
(30A7) 0065  0000000001100101 ( 171)                 .FILL x0065
(30A8) 0073  0000000001110011 ( 171)                 .FILL x0073
(30A9) 0075  0000000001110101 ( 171)                 .FILL x0075
(30AA) 006C  0000000001101100 ( 171)                 .FILL x006C
(30AB) 0074  0000000001110100 ( 171)                 .FILL x0074
(30AC) 003A  0000000000111010 ( 171)                 .FILL x003A
(30AD) 0020  0000000000100000 ( 171)                 .FILL x0020
(30AE) 0000  0000000000000000 ( 171)                 .FILL x0000
(30AF) 000A  0000000000001010 ( 172) DIVRES          .FILL x000A
(30B0) 0020  0000000000100000 ( 172)                 .FILL x0020
(30B1) 0044  0000000001000100 ( 172)                 .FILL x0044
(30B2) 0069  0000000001101001 ( 172)                 .FILL x0069
(30B3) 0076  0000000001110110 ( 172)                 .FILL x0076
(30B4) 0069  0000000001101001 ( 172)                 .FILL x0069
(30B5) 0073  0000000001110011 ( 172)                 .FILL x0073
(30B6) 0069  0000000001101001 ( 172)                 .FILL x0069
(30B7) 006F  0000000001101111 ( 172)                 .FILL x006F
(30B8) 006E  0000000001101110 ( 172)                 .FILL x006E
(30B9) 0020  0000000000100000 ( 172)                 .FILL x0020
(30BA) 0052  0000000001010010 ( 172)                 .FILL x0052
(30BB) 0065  0000000001100101 ( 172)                 .FILL x0065
(30BC) 0073  0000000001110011 ( 172)                 .FILL x0073
(30BD) 0075  0000000001110101 ( 172)                 .FILL x0075
(30BE) 006C  0000000001101100 ( 172)                 .FILL x006C
(30BF) 0074  0000000001110100 ( 172)                 .FILL x0074
(30C0) 003A  0000000000111010 ( 172)                 .FILL x003A
(30C1) 0020  0000000000100000 ( 172)                 .FILL x0020
(30C2) 0000  0000000000000000 ( 172)                 .FILL x0000
(30C3) 000A  0000000000001010 ( 173) REMRES          .FILL x000A
(30C4) 0020  0000000000100000 ( 173)                 .FILL x0020
(30C5) 0044  0000000001000100 ( 173)                 .FILL x0044
(30C6) 0069  0000000001101001 ( 173)                 .FILL x0069
(30C7) 0076  0000000001110110 ( 173)                 .FILL x0076
(30C8) 0069  0000000001101001 ( 173)                 .FILL x0069
(30C9) 0073  0000000001110011 ( 173)                 .FILL x0073
(30CA) 0069  0000000001101001 ( 173)                 .FILL x0069
(30CB) 006F  0000000001101111 ( 173)                 .FILL x006F
(30CC) 006E  0000000001101110 ( 173)                 .FILL x006E
(30CD) 0020  0000000000100000 ( 173)                 .FILL x0020
(30CE) 0052  0000000001010010 ( 173)                 .FILL x0052
(30CF) 0065  0000000001100101 ( 173)                 .FILL x0065
(30D0) 006D  0000000001101101 ( 173)                 .FILL x006D
(30D1) 0061  0000000001100001 ( 173)                 .FILL x0061
(30D2) 0069  0000000001101001 ( 173)                 .FILL x0069
(30D3) 006E  0000000001101110 ( 173)                 .FILL x006E
(30D4) 0064  0000000001100100 ( 173)                 .FILL x0064
(30D5) 0065  0000000001100101 ( 173)                 .FILL x0065
(30D6) 0072  0000000001110010 ( 173)                 .FILL x0072
(30D7) 003A  0000000000111010 ( 173)                 .FILL x003A
(30D8) 0020  0000000000100000 ( 173)                 .FILL x0020
(30D9) 0000  0000000000000000 ( 173)                 .FILL x0000
(30DA) 0030  0000000000110000 ( 176) POS48           .FILL x0030
(30DB) FFD0  1111111111010000 ( 177) CONVERT         .FILL xFFD0
(30DC) 0000  0000000000000000 ( 178) INPUT1          .FILL x0000
(30DD) 0000  0000000000000000 ( 179) INPUT2          .FILL x0000
(30DE) 3100  0011000100000000 ( 180) SUBDR           .FILL x3100
(30DF) 3101  0011000100000001 ( 181) MULTDR          .FILL x3101
(30E0) 3102  0011000100000010 ( 182) DIVDR           .FILL x3102
(30E1) 3103  0011000100000011 ( 183) REMNDR          .FILL x3103
(30E2) 0000  0000000000000000 ( 184) CLEAR           .FILL x0000
